
build/boot2_w25x10cl.elf:     file format elf32-littlearm


Disassembly of section .text:

20041f00 <_stage2_boot>:
20041f00:	b500      	push	{lr}
20041f02:	4b14      	ldr	r3, [pc, #80]	; (20041f54 <literals+0x2>)
20041f04:	2100      	movs	r1, #0
20041f06:	6099      	str	r1, [r3, #8]
20041f08:	2102      	movs	r1, #2
20041f0a:	6159      	str	r1, [r3, #20]
20041f0c:	4912      	ldr	r1, [pc, #72]	; (20041f58 <literals+0x6>)
20041f0e:	6019      	str	r1, [r3, #0]
20041f10:	2100      	movs	r1, #0
20041f12:	6059      	str	r1, [r3, #4]
20041f14:	4911      	ldr	r1, [pc, #68]	; (20041f5c <literals+0xa>)
20041f16:	4812      	ldr	r0, [pc, #72]	; (20041f60 <literals+0xe>)
20041f18:	6001      	str	r1, [r0, #0]
20041f1a:	2101      	movs	r1, #1
20041f1c:	6099      	str	r1, [r3, #8]
20041f1e:	21bb      	movs	r1, #187	; 0xbb
20041f20:	6619      	str	r1, [r3, #96]	; 0x60
20041f22:	2102      	movs	r1, #2
20041f24:	6619      	str	r1, [r3, #96]	; 0x60
20041f26:	2108      	movs	r1, #8
20041f28:	6a98      	ldr	r0, [r3, #40]	; 0x28
20041f2a:	4208      	tst	r0, r1
20041f2c:	d0fc      	beq.n	20041f28 <_stage2_boot+0x28>
20041f2e:	2100      	movs	r1, #0
20041f30:	6099      	str	r1, [r3, #8]
20041f32:	490c      	ldr	r1, [pc, #48]	; (20041f64 <literals+0x12>)
20041f34:	480a      	ldr	r0, [pc, #40]	; (20041f60 <literals+0xe>)
20041f36:	6001      	str	r1, [r0, #0]
20041f38:	2101      	movs	r1, #1
20041f3a:	6099      	str	r1, [r3, #8]

20041f3c <check_return>:
20041f3c:	bc01      	pop	{r0}
20041f3e:	2800      	cmp	r0, #0
20041f40:	d000      	beq.n	20041f44 <vector_into_flash>
20041f42:	4700      	bx	r0

20041f44 <vector_into_flash>:
20041f44:	4808      	ldr	r0, [pc, #32]	; (20041f68 <literals+0x16>)
20041f46:	4909      	ldr	r1, [pc, #36]	; (20041f6c <literals+0x1a>)
20041f48:	6008      	str	r0, [r1, #0]
20041f4a:	c803      	ldmia	r0, {r0, r1}
20041f4c:	f380 8808 	msr	MSP, r0
20041f50:	4708      	bx	r1

20041f52 <literals>:
20041f52:	0000      	.short	0x0000
20041f54:	18000000 	.word	0x18000000
20041f58:	003f0300 	.word	0x003f0300
20041f5c:	0000121d 	.word	0x0000121d
20041f60:	180000f4 	.word	0x180000f4
20041f64:	2000101e 	.word	0x2000101e
20041f68:	10000100 	.word	0x10000100
20041f6c:	e000ed08 	.word	0xe000ed08
